%!Adobe-FontList 1.14
%Locale:0x412

%BeginFont
Handler:DirectoryHandler
FontType:TrueType
FontName:NanumMyeongjoBold
FamilyName:NanumMyeongjo
StyleName:Bold
FullName:NanumMyeongjoBold
MenuName:NanumMyeongjo
StyleBits:2
FamilyNameNative:
StyleNameNative:Bold
FullNameNative:
WritingScript:Korean
OutlineFileName:D:\최혜진\180820 개인프로젝트\반응형웹 제작\Font\NanumMyeongjo-Bold.ttf
DataFormat:sfntData
FileLength:4016196
FileModTime:1517756400
WeightClass:600
WidthClass:5
AngleClass:0
%EndFont

%BeginFont
Handler:DirectoryHandler
FontType:TrueType
FontName:NanumMyeongjoExtraBold
FamilyName:NanumMyeongjoExtraBold
StyleName:Regular
FullName:NanumMyeongjoExtraBold
MenuName:NanumMyeongjoExtraBold
StyleBits:0
FamilyNameNative:
StyleNameNative:Regular
FullNameNative:
WritingScript:Korean
OutlineFileName:D:\최혜진\180820 개인프로젝트\반응형웹 제작\Font\NanumMyeongjo-ExtraBold.ttf
DataFormat:sfntData
FileLength:4387460
FileModTime:1517756400
WeightClass:700
WidthClass:5
AngleClass:0
%EndFont

%BeginFont
Handler:DirectoryHandler
FontType:TrueType
FontName:NanumMyeongjo
FamilyName:NanumMyeongjo
StyleName:Regular
FullName:NanumMyeongjo
MenuName:NanumMyeongjo
StyleBits:0
FamilyNameNative:
StyleNameNative:Regular
FullNameNative:
WritingScript:Korean
OutlineFileName:D:\최혜진\180820 개인프로젝트\반응형웹 제작\Font\NanumMyeongjo-Regular.ttf
DataFormat:sfntData
FileLength:3671808
FileModTime:1517756400
WeightClass:400
WidthClass:5
AngleClass:0
%EndFont

%BeginFont
Handler:DirectoryHandler
FontType:Invalid
OutlineFileName:D:\최혜진\180820 개인프로젝트\반응형웹 제작\Font\OFL.txt
FileModTime:1517756400
%EndFont

